<?xml version="1.0" encoding="UTF-8"?>
<testng-results ignored="0" total="1" passed="1" failed="0" skipped="0">
  <reporter-output>
  </reporter-output>
  <suite started-at="2022-11-29T10:25:54 IST" name="Default suite" finished-at="2022-11-29T10:26:03 IST" duration-ms="9276">
    <groups>
    </groups>
    <test started-at="2022-11-29T10:25:54 IST" name="Default test" finished-at="2022-11-29T10:26:03 IST" duration-ms="9276">
      <class name="testcases.LoginTest">
        <test-method signature="TC001()[pri:0, instance:testcases.LoginTest@7cc0cdad]" started-at="2022-11-29T10:25:54 IST" name="TC001" finished-at="2022-11-29T10:26:03 IST" duration-ms="9178" status="PASS">
          <reporter-output>
          </reporter-output>
        </test-method> <!-- TC001 -->
      </class> <!-- testcases.LoginTest -->
    </test> <!-- Default test -->
  </suite> <!-- Default suite -->
</testng-results>
