<?xml version="1.0" encoding="UTF-8"?>
<testng-results ignored="0" total="1" passed="1" failed="0" skipped="0">
  <reporter-output>
  </reporter-output>
  <suite started-at="2022-11-29T10:27:23 IST" name="Suite" finished-at="2022-11-29T10:27:31 IST" duration-ms="8495">
    <groups>
    </groups>
    <test started-at="2022-11-29T10:27:23 IST" name="Test" finished-at="2022-11-29T10:27:31 IST" duration-ms="8495">
      <class name="testcases.LoginTest">
        <test-method signature="TC001()[pri:0, instance:testcases.LoginTest@14dd9eb7]" started-at="2022-11-29T10:27:23 IST" name="TC001" finished-at="2022-11-29T10:27:31 IST" duration-ms="8435" status="PASS">
          <reporter-output>
          </reporter-output>
        </test-method> <!-- TC001 -->
      </class> <!-- testcases.LoginTest -->
    </test> <!-- Test -->
  </suite> <!-- Suite -->
</testng-results>
